# JRE version: OpenJDK Runtime Environment (8.0_181-b13) (build 1.8.0_181-8u181-b13-0ubuntu0.16.04.1-b13)
# Java VM: OpenJDK 64-Bit Server VM (25.181-b13 mixed mode linux-amd64 compressed oops)
Heap:
 def new generation   total 63552K, used 30607K [0x00000000c0000000, 0x00000000c44f0000, 0x00000000d5550000)
  eden space 56512K,  53% used [0x00000000c0000000, 0x00000000c1da1b38, 0x00000000c3730000)
  from space 7040K,   3% used [0x00000000c3730000, 0x00000000c3772170, 0x00000000c3e10000)
  to   space 7040K,   0% used [0x00000000c3e10000, 0x00000000c3e10000, 0x00000000c44f0000)
 tenured generation   total 141116K, used 83817K [0x00000000d5550000, 0x00000000ddf1f000, 0x0000000100000000)
   the space 141116K,  59% used [0x00000000d5550000, 0x00000000da72a760, 0x00000000da72a800, 0x00000000ddf1f000)
 Metaspace       used 99841K, capacity 102709K, committed 103256K, reserved 1138688K
  class space    used 12651K, capacity 13065K, committed 13144K, reserved 1048576K
GC Heap History (10 events):
Event: 890.606 GC heap before
{Heap before GC invocations=1928 (full 14):
 def new generation   total 63552K, used 58787K [0x00000000c0000000, 0x00000000c44f0000, 0x00000000d5550000)
  eden space 56512K, 100% used [0x00000000c0000000, 0x00000000c3730000, 0x00000000c3730000)
  from space 7040K,  32% used [0x00000000c3e10000, 0x00000000c4048f50, 0x00000000c44f0000)
  to   space 7040K,   0% used [0x00000000c3730000, 0x00000000c3730000, 0x00000000c3e10000)
 tenured generation   total 141116K, used 132323K [0x00000000d5550000, 0x00000000ddf1f000, 0x0000000100000000)
   the space 141116K,  93% used [0x00000000d5550000, 0x00000000dd688d38, 0x00000000dd688e00, 0x00000000ddf1f000)
 Metaspace       used 99883K, capacity 102781K, committed 103256K, reserved 1138688K
  class space    used 12658K, capacity 13077K, committed 13144K, reserved 1048576K
Event: 890.609 GC heap after
Heap after GC invocations=1929 (full 14):
 def new generation   total 63552K, used 615K [0x00000000c0000000, 0x00000000c44f0000, 0x00000000d5550000)
  eden space 56512K,   0% used [0x00000000c0000000, 0x00000000c0000000, 0x00000000c3730000)
  from space 7040K,   8% used [0x00000000c3730000, 0x00000000c37c9d18, 0x00000000c3e10000)
  to   space 7040K,   0% used [0x00000000c3e10000, 0x00000000c3e10000, 0x00000000c44f0000)
 tenured generation   total 141116K, used 132439K [0x00000000d5550000, 0x00000000ddf1f000, 0x0000000100000000)
   the space 141116K,  93% used [0x00000000d5550000, 0x00000000dd6a5c18, 0x00000000dd6a5e00, 0x00000000ddf1f000)
 Metaspace       used 99883K, capacity 102781K, committed 103256K, reserved 1138688K
  class space    used 12658K, capacity 13077K, committed 13144K, reserved 1048576K
}
Event: 890.693 GC heap before
{Heap before GC invocations=1929 (full 14):
 def new generation   total 63552K, used 57127K [0x00000000c0000000, 0x00000000c44f0000, 0x00000000d5550000)
  eden space 56512K, 100% used [0x00000000c0000000, 0x00000000c3730000, 0x00000000c3730000)
  from space 7040K,   8% used [0x00000000c3730000, 0x00000000c37c9d18, 0x00000000c3e10000)
  to   space 7040K,   0% used [0x00000000c3e10000, 0x00000000c3e10000, 0x00000000c44f0000)
 tenured generation   total 141116K, used 132439K [0x00000000d5550000, 0x00000000ddf1f000, 0x0000000100000000)
   the space 141116K,  93% used [0x00000000d5550000, 0x00000000dd6a5c18, 0x00000000dd6a5e00, 0x00000000ddf1f000)
 Metaspace       used 99887K, capacity 102787K, committed 103256K, reserved 1138688K
  class space    used 12658K, capacity 13078K, committed 13144K, reserved 1048576K
Event: 891.753 GC heap after
Heap after GC invocations=1930 (full 15):
 def new generation   total 63552K, used 0K [0x00000000c0000000, 0x00000000c44f0000, 0x00000000d5550000)
  eden space 56512K,   0% used [0x00000000c0000000, 0x00000000c0000000, 0x00000000c3730000)
  from space 7040K,   0% used [0x00000000c3e10000, 0x00000000c3e10000, 0x00000000c44f0000)
  to   space 7040K,   0% used [0x00000000c3730000, 0x00000000c3730000, 0x00000000c3e10000)
 tenured generation   total 141116K, used 83817K [0x00000000d5550000, 0x00000000ddf1f000, 0x0000000100000000)
   the space 141116K,  59% used [0x00000000d5550000, 0x00000000da72a760, 0x00000000da72a800, 0x00000000ddf1f000)
 Metaspace       used 99838K, capacity 102709K, committed 103256K, reserved 1138688K
  class space    used 12651K, capacity 13065K, committed 13144K, reserved 1048576K
}
Event: 894.664 GC heap before
{Heap before GC invocations=1930 (full 15):
 def new generation   total 63552K, used 56512K [0x00000000c0000000, 0x00000000c44f0000, 0x00000000d5550000)
  eden space 56512K, 100% used [0x00000000c0000000, 0x00000000c3730000, 0x00000000c3730000)
  from space 7040K,   0% used [0x00000000c3e10000, 0x00000000c3e10000, 0x00000000c44f0000)
  to   space 7040K,   0% used [0x00000000c3730000, 0x00000000c3730000, 0x00000000c3e10000)
 tenured generation   total 141116K, used 83817K [0x00000000d5550000, 0x00000000ddf1f000, 0x0000000100000000)
   the space 141116K,  59% used [0x00000000d5550000, 0x00000000da72a760, 0x00000000da72a800, 0x00000000ddf1f000)
 Metaspace       used 99838K, capacity 102709K, committed 103256K, reserved 1138688K
  class space    used 12651K, capacity 13065K, committed 13144K, reserved 1048576K
Event: 895.370 GC heap after
Heap after GC invocations=1931 (full 15):
 def new generation   total 63552K, used 138K [0x00000000c0000000, 0x00000000c44f0000, 0x00000000d5550000)
  eden space 56512K,   0% used [0x00000000c0000000, 0x00000000c0000000, 0x00000000c3730000)
  from space 7040K,   1% used [0x00000000c3730000, 0x00000000c3752b38, 0x00000000c3e10000)
  to   space 7040K,   0% used [0x00000000c3e10000, 0x00000000c3e10000, 0x00000000c44f0000)
 tenured generation   total 141116K, used 83817K [0x00000000d5550000, 0x00000000ddf1f000, 0x0000000100000000)
   the space 141116K,  59% used [0x00000000d5550000, 0x00000000da72a760, 0x00000000da72a800, 0x00000000ddf1f000)
 Metaspace       used 99838K, capacity 102709K, committed 103256K, reserved 1138688K
  class space    used 12651K, capacity 13065K, committed 13144K, reserved 1048576K
}
Event: 897.964 GC heap before
{Heap before GC invocations=1931 (full 15):
 def new generation   total 63552K, used 56650K [0x00000000c0000000, 0x00000000c44f0000, 0x00000000d5550000)
  eden space 56512K, 100% used [0x00000000c0000000, 0x00000000c3730000, 0x00000000c3730000)
  from space 7040K,   1% used [0x00000000c3730000, 0x00000000c3752b38, 0x00000000c3e10000)
  to   space 7040K,   0% used [0x00000000c3e10000, 0x00000000c3e10000, 0x00000000c44f0000)
 tenured generation   total 141116K, used 83817K [0x00000000d5550000, 0x00000000ddf1f000, 0x0000000100000000)
   the space 141116K,  59% used [0x00000000d5550000, 0x00000000da72a760, 0x00000000da72a800, 0x00000000ddf1f000)
 Metaspace       used 99840K, capacity 102709K, committed 103256K, reserved 1138688K
  class space    used 12651K, capacity 13065K, committed 13144K, reserved 1048576K
Event: 898.484 GC heap after
Heap after GC invocations=1932 (full 15):
 def new generation   total 63552K, used 264K [0x00000000c0000000, 0x00000000c44f0000, 0x00000000d5550000)
  eden space 56512K,   0% used [0x00000000c0000000, 0x00000000c0000000, 0x00000000c3730000)
  from space 7040K,   3% used [0x00000000c3e10000, 0x00000000c3e521d0, 0x00000000c44f0000)
  to   space 7040K,   0% used [0x00000000c3730000, 0x00000000c3730000, 0x00000000c3e10000)
 tenured generation   total 141116K, used 83817K [0x00000000d5550000, 0x00000000ddf1f000, 0x0000000100000000)
   the space 141116K,  59% used [0x00000000d5550000, 0x00000000da72a760, 0x00000000da72a800, 0x00000000ddf1f000)
 Metaspace       used 99840K, capacity 102709K, committed 103256K, reserved 1138688K
  class space    used 12651K, capacity 13065K, committed 13144K, reserved 1048576K
}
Event: 912.751 GC heap before
{Heap before GC invocations=1932 (full 15):
 def new generation   total 63552K, used 56300K [0x00000000c0000000, 0x00000000c44f0000, 0x00000000d5550000)
  eden space 56512K,  99% used [0x00000000c0000000, 0x00000000c36b8f98, 0x00000000c3730000)
  from space 7040K,   3% used [0x00000000c3e10000, 0x00000000c3e521d0, 0x00000000c44f0000)
  to   space 7040K,   0% used [0x00000000c3730000, 0x00000000c3730000, 0x00000000c3e10000)
 tenured generation   total 141116K, used 83817K [0x00000000d5550000, 0x00000000ddf1f000, 0x0000000100000000)
   the space 141116K,  59% used [0x00000000d5550000, 0x00000000da72a760, 0x00000000da72a800, 0x00000000ddf1f000)
 Metaspace       used 99841K, capacity 102709K, committed 103256K, reserved 1138688K
  class space    used 12651K, capacity 13065K, committed 13144K, reserved 1048576K
Event: 994.773 GC heap after
Heap after GC invocations=1933 (full 15):
 def new generation   total 63552K, used 264K [0x00000000c0000000, 0x00000000c44f0000, 0x00000000d5550000)
  eden space 56512K,   0% used [0x00000000c0000000, 0x00000000c0000000, 0x00000000c3730000)
  from space 7040K,   3% used [0x00000000c3730000, 0x00000000c3772170, 0x00000000c3e10000)
  to   space 7040K,   0% used [0x00000000c3e10000, 0x00000000c3e10000, 0x00000000c44f0000)
 tenured generation   total 141116K, used 83817K [0x00000000d5550000, 0x00000000ddf1f000, 0x0000000100000000)
   the space 141116K,  59% used [0x00000000d5550000, 0x00000000da72a760, 0x00000000da72a800, 0x00000000ddf1f000)
 Metaspace       used 99841K, capacity 102709K, committed 103256K, reserved 1138688K
  class space    used 12651K, capacity 13065K, committed 13144K, reserved 1048576K
}

